====================
Prime 3
Elliptic Curve defined by y^2 + y = x^3 + x^2 - 7*x + 5 over Rational Field
(-1 : 3 : 1)
Time: 0.000
Time: 0.000
Time: 0.000
Time: 0.000
Time: 0.000
[ 3, 6 ]
====================
Prime 5
Elliptic Curve defined by y^2 = x^3 - x^2 - x - 1 over Rational Field
(2 : 1 : 1)
Time: 0.000
Time: 0.000
Time: 0.000
Time: 0.000
Time: 0.000
[ 5, 20 ]
====================
Prime 7
Elliptic Curve defined by y^2 + x*y = x^3 - x^2 - 389*x - 2859 over Rational Field
(26 : 51 : 1)
Time: 0.000
Time: 0.000
Time: 0.000
Time: 0.000
Time: 0.000
[ 7, 42 ]
====================
Prime 11
Elliptic Curve defined by y^2 + x*y + y = x^3 - x^2 - 32693*x - 2267130 over Rational Field
(212 : 438 : 1)
Time: 0.000
Time: 0.000
Time: 0.000
Time: 0.000
Time: 0.030
[ 11, 110 ]
====================
Prime 13
Elliptic Curve defined by y^2 + y = x^3 - 8211*x - 286610 over Rational Field
(235 : 3280 : 1)
Time: 0.000
Time: 0.000
Time: 0.000
Time: 0.000
Time: 0.070
[ 13, 78, 78 ]
====================
Prime 17
Elliptic Curve defined by y^2 + x*y + y = x^3 - x^2 - 27365*x - 1735513 over Rational Field
(4047/4 : 249623/8 : 1)
Time: 0.000
Time: 0.000
Time: 0.000
Time: 0.000
Time: 0.190
[ 17, 136, 136 ]
====================
Prime 37
Elliptic Curve defined by y^2 + x*y + y = x^3 + x^2 - 208083*x - 36621194 over Rational Field
(1190 : 36857 : 1)
Time: 0.030
Time: 0.020
Time: 0.010
Time: 0.060
Time: 12.120
[ 37, 444, 444, 444 ]
====================
Prime 3
Elliptic Curve defined by y^2 + y = x^3 - 34 over Rational Field
(6 : 13 : 1)
Time: 0.000
Time: 0.000
Time: 0.000
Time: 0.000
Time: 0.000
[ 3, 6 ]
====================
Prime 7
Elliptic Curve defined by y^2 = x^3 - 1715*x - 33614 over Rational Field
(57 : 232 : 1)
Time: 0.000
Time: 0.000
Time: 0.000
Time: 0.000
Time: 0.000
[ 7, 42 ]
====================
Prime 11
Elliptic Curve defined by y^2 + y = x^3 - x^2 - 887*x - 10143 over Rational Field
(81 : 665 : 1)
Time: 0.000
Time: 0.000
Time: 0.000
Time: 0.000
Time: 0.020
[ 11, 55, 55 ]
====================
Prime 19
Elliptic Curve defined by y^2 + y = x^3 - 13718*x - 619025 over Rational Field
(2527 : 126891 : 1)
Time: 0.000
Time: 0.000
Time: 0.000
Time: 0.000
Time: 0.070
[ 19, 171, 171 ]
====================
Prime 43
Elliptic Curve defined by y^2 + y = x^3 - 1590140*x - 771794326 over Rational Field
(66276734/29929 : -419567566482/5177717 : 1)
Time: 0.060
Time: 0.040
Time: 0.030
Time: 0.120
Time: 27.780
[ 43, 903, 903 ]
====================
Prime 67
Elliptic Curve defined by y^2 + y = x^3 - 33083930*x - 73244287055 over Rational Field
(49970077554856210455913/1635061583290810756 : 10956085084392718114395997318977993/2090745506172424414999081096 : 1)
Time: 0.780
Time: 0.510
Time: 0.410
Time: 2.280
Time: 397.220
[ 67, 2211, 2211 ]
====================
Prime 163
Elliptic Curve defined by y^2 + y = x^3 - 57772164980*x - 5344733777551611 over Rational Field
(1150923944292488543726890863378120035942011891300336997839334510976010687991054933351647193442228364206585159214322294141238417651316378270751054462255219601909957/31199202276946183032486365083194179650499921318147948878294652136969299780303283189040973461578708894181181683093048\
31422186050793999313710673084161372869121 : 845582050130072311275386597783560053187286126452227505238961361128589023970974731358601337161665095706235200096614164700116910277815335123701887606850046247657712935173132161200083294592082728287513749943483489018633303880458566953626601\
201883/5510807422962125193560666792160323682749965822473439051738579552280241336546385133488173058783806130733773098179712657234968935486859996401703326732425577122127361914333969609321115199903445900797861807350740024000213961207891021464831 : 1)
Time: 79.110
Time: 54.530
Time: 51.390
Time: 190.880
Time: 52392.370
[ 163, 13203, 13203 ]
